

times in msec
 clock   self+sourced   self:  sourced script
 clock   elapsed:              other lines

000.023  000.023: --- NVIM STARTING ---
001.112  001.089: locale set
001.796  000.684: inits 1
001.834  000.038: window checked
001.841  000.007: parsing arguments
002.136  000.294: expanding arguments
002.240  000.104: inits 2
003.583  001.344: init highlight
003.792  000.209: waiting for UI
005.973  002.181: done waiting for UI
006.020  000.047: initialized screen early for UI
007.575  000.689  000.689: sourcing /usr/local/share/nvim/runtime/syntax/syncolor.vim
007.822  001.109  000.419: sourcing /usr/local/share/nvim/runtime/syntax/synload.vim
017.000  009.084  009.084: sourcing /usr/local/share/nvim/runtime/filetype.vim
017.142  010.642  000.449: sourcing /usr/local/share/nvim/runtime/syntax/syntax.vim
019.483  000.340  000.340: sourcing /usr/local/share/nvim/runtime/syntax/syncolor.vim
027.233  009.369  009.029: sourcing /usr/home/jd/.local/share/nvim/site/pack/plugs/start/vim-colors-pencil/colors/pencil.vim
029.594  000.367  000.367: sourcing /usr/local/share/nvim/runtime/syntax/syncolor.vim
035.900  008.030  007.663: sourcing /usr/home/jd/.local/share/nvim/site/pack/plugs/start/vim-colors-pencil/colors/pencil.vim
036.102  029.760  001.719: sourcing /home/jd/.config/nvim/settings.vim
036.527  000.251  000.251: sourcing /home/jd/.config/nvim/mappings.vim
036.822  000.231  000.231: sourcing /home/jd/.config/nvim/plugins.vim
036.838  030.639  000.396: sourcing /usr/home/jd/.config/nvim/init.vim
036.857  000.199: sourcing vimrc file(s)
037.055  000.094  000.094: sourcing /usr/local/share/nvim/runtime/ftplugin.vim
037.230  000.066  000.066: sourcing /usr/local/share/nvim/runtime/indent.vim
039.430  000.494  000.494: sourcing /usr/local/share/nvim/runtime/plugin/gzip.vim
039.556  000.042  000.042: sourcing /usr/local/share/nvim/runtime/plugin/health.vim
039.717  000.120  000.120: sourcing /usr/local/share/nvim/runtime/plugin/man.vim
040.919  000.391  000.391: sourcing /usr/local/share/nvim/runtime/pack/dist/opt/matchit/plugin/matchit.vim
041.003  001.245  000.854: sourcing /usr/local/share/nvim/runtime/plugin/matchit.vim
041.335  000.289  000.289: sourcing /usr/local/share/nvim/runtime/plugin/matchparen.vim
042.045  000.666  000.666: sourcing /usr/local/share/nvim/runtime/plugin/netrwPlugin.vim
042.478  000.350  000.350: sourcing /usr/local/share/nvim/runtime/plugin/rplugin.vim
042.705  000.164  000.164: sourcing /usr/local/share/nvim/runtime/plugin/shada.vim
042.858  000.051  000.051: sourcing /usr/local/share/nvim/runtime/plugin/spellfile.vim
043.155  000.240  000.240: sourcing /usr/local/share/nvim/runtime/plugin/tarPlugin.vim
043.347  000.141  000.141: sourcing /usr/local/share/nvim/runtime/plugin/tohtml.vim
043.430  000.037  000.037: sourcing /usr/local/share/nvim/runtime/plugin/tutor.vim
043.702  000.228  000.228: sourcing /usr/local/share/nvim/runtime/plugin/zipPlugin.vim
043.717  002.633: loading plugins
044.784  000.159  000.159: sourcing /usr/home/jd/.local/share/nvim/site/pack/plugs/start/coc.nvim/autoload/coc/rpc.vim
046.073  001.083  001.083: sourcing /usr/home/jd/.local/share/nvim/site/pack/plugs/start/coc.nvim/autoload/coc/util.vim
046.898  000.280  000.280: sourcing /usr/home/jd/.local/share/nvim/site/pack/plugs/start/coc.nvim/autoload/coc/client.vim
058.054  013.865  012.342: sourcing /usr/home/jd/.local/share/nvim/site/pack/plugs/start/coc.nvim/plugin/coc.vim
058.823  000.122  000.122: sourcing /usr/home/jd/.local/share/nvim/site/pack/plugs/start/haskell-vim/ftdetect/haskell.vim
059.510  000.350  000.350: sourcing /usr/home/jd/.local/share/nvim/site/pack/plugs/start/lightline.vim/plugin/lightline.vim
061.058  000.487  000.487: sourcing /usr/home/jd/.local/share/nvim/site/pack/plugs/start/nerdtree/autoload/nerdtree.vim
063.183  000.814  000.814: sourcing /usr/home/jd/.local/share/nvim/site/pack/plugs/start/nerdtree/lib/nerdtree/path.vim
063.531  000.195  000.195: sourcing /usr/home/jd/.local/share/nvim/site/pack/plugs/start/nerdtree/lib/nerdtree/menu_controller.vim
063.808  000.131  000.131: sourcing /usr/home/jd/.local/share/nvim/site/pack/plugs/start/nerdtree/lib/nerdtree/menu_item.vim
064.137  000.185  000.185: sourcing /usr/home/jd/.local/share/nvim/site/pack/plugs/start/nerdtree/lib/nerdtree/key_map.vim
064.580  000.315  000.315: sourcing /usr/home/jd/.local/share/nvim/site/pack/plugs/start/nerdtree/lib/nerdtree/bookmark.vim
064.992  000.283  000.283: sourcing /usr/home/jd/.local/share/nvim/site/pack/plugs/start/nerdtree/lib/nerdtree/tree_file_node.vim
065.734  000.612  000.612: sourcing /usr/home/jd/.local/share/nvim/site/pack/plugs/start/nerdtree/lib/nerdtree/tree_dir_node.vim
066.153  000.275  000.275: sourcing /usr/home/jd/.local/share/nvim/site/pack/plugs/start/nerdtree/lib/nerdtree/opener.vim
066.599  000.320  000.320: sourcing /usr/home/jd/.local/share/nvim/site/pack/plugs/start/nerdtree/lib/nerdtree/creator.vim
066.813  000.078  000.078: sourcing /usr/home/jd/.local/share/nvim/site/pack/plugs/start/nerdtree/lib/nerdtree/flag_set.vim
067.152  000.209  000.209: sourcing /usr/home/jd/.local/share/nvim/site/pack/plugs/start/nerdtree/lib/nerdtree/nerdtree.vim
067.697  000.422  000.422: sourcing /usr/home/jd/.local/share/nvim/site/pack/plugs/start/nerdtree/lib/nerdtree/ui.vim
067.896  000.049  000.049: sourcing /usr/home/jd/.local/share/nvim/site/pack/plugs/start/nerdtree/lib/nerdtree/event.vim
068.165  000.112  000.112: sourcing /usr/home/jd/.local/share/nvim/site/pack/plugs/start/nerdtree/lib/nerdtree/notifier.vim
068.980  000.642  000.642: sourcing /usr/home/jd/.local/share/nvim/site/pack/plugs/start/nerdtree/autoload/nerdtree/ui_glue.vim
073.838  000.233  000.233: sourcing /usr/home/jd/.local/share/nvim/site/pack/plugs/start/nerdtree/nerdtree_plugin/exec_menuitem.vim
087.675  013.067  013.067: sourcing /usr/local/share/nvim/runtime/autoload/provider/clipboard.vim
088.281  014.348  001.281: sourcing /usr/home/jd/.local/share/nvim/site/pack/plugs/start/nerdtree/nerdtree_plugin/fs_menu.vim
088.615  000.164  000.164: sourcing /usr/home/jd/.local/share/nvim/site/pack/plugs/start/nerdtree/nerdtree_plugin/vcs.vim
089.090  029.344  009.471: sourcing /usr/home/jd/.local/share/nvim/site/pack/plugs/start/nerdtree/plugin/NERD_tree.vim
089.681  000.078  000.078: sourcing /usr/home/jd/.local/share/nvim/site/pack/plugs/start/tcomment_vim/autoload/tcomment/deprecated.vim
094.065  004.694  004.616: sourcing /usr/home/jd/.local/share/nvim/site/pack/plugs/start/tcomment_vim/plugin/tcomment.vim
094.444  002.353: loading packages
094.571  000.126: loading after plugins
094.628  000.058: inits 3
099.326  004.698: reading ShaDa
100.156  000.831: opening buffers
101.203  000.709  000.709: sourcing /usr/home/jd/.local/share/nvim/site/pack/plugs/start/lightline.vim/autoload/lightline.vim
102.134  000.083  000.083: sourcing /usr/home/jd/.local/share/nvim/site/pack/plugs/start/lightline.vim/autoload/lightline/tab.vim
103.085  000.347  000.347: sourcing /usr/home/jd/.local/share/nvim/site/pack/plugs/start/lightline.vim/autoload/lightline/colorscheme.vim
103.844  001.428  001.081: sourcing /usr/home/jd/.local/share/nvim/site/pack/plugs/start/lightline.vim/autoload/lightline/colorscheme/seoul256.vim
109.502  007.126: BufEnter autocommands
109.536  000.034: editing files in windows
110.168  000.632: VimEnter autocommands
110.178  000.009: UIEnter autocommands
110.186  000.008: before starting main loop
112.049  001.863: first screen update
112.063  000.014: --- NVIM STARTED ---
